{
    "type": "auth",
    "action": "login",
    "message": "User logged in successfully.",
    "timeStamp": "2025-06-29T19:57:01.765Z"
}
{
    "type": "auth",
    "action": "login",
    "message": "User logged in successfully.",
    "timeStamp": "2025-06-29T19:57:06.525Z"
}
{
    "type": "auth",
    "action": "login",
    "message": "User logged in successfully.",
    "timeStamp": "2025-06-29T20:05:34.755Z"
}
{
    "type": "auth",
    "action": "login",
    "message": "User logged in successfully.",
    "timeStamp": "2025-06-29T20:05:39.702Z"
}
{
    "type": "auth",
    "action": "login",
    "message": "User logged in successfully.",
    "timeStamp": "2025-06-29T20:05:42.000Z"
}
{
    "type": "auth",
    "action": "login",
    "message": "User logged in successfully.",
    "timeStamp": "2025-06-29T20:06:17.733Z"
}
{
    "type": "auth",
    "action": "login",
    "message": "User logged in successfully.",
    "timeStamp": "2025-06-29T20:06:27.166Z"
}
{
    "type": "auth",
    "action": "login",
    "message": "User logged in successfully.",
    "timeStamp": "2025-06-29T20:13:21.082Z"
}
